  Determining projects to restore...
  All projects are up-to-date for restore.
D:\Project\PTUD eatfitAL\coding\EatFitAI_v1\eatfitai-backend\Services\VoiceProcessingService.cs(45,47): warning CS1998: This async method lacks 'await' operators and will run synchronously. Consider using the 'await' operator to await non-blocking API calls, or 'await Task.Run(...)' to do CPU-bound work on a background thread. [D:\Project\PTUD eatfitAL\coding\EatFitAI_v1\eatfitai-backend\EatFitAI.API.csproj]
D:\Project\PTUD eatfitAL\coding\EatFitAI_v1\eatfitai-backend\Middleware\JwtAuthenticationMiddleware.cs(31,28): warning CS1998: This async method lacks 'await' operators and will run synchronously. Consider using the 'await' operator to await non-blocking API calls, or 'await Task.Run(...)' to do CPU-bound work on a background thread. [D:\Project\PTUD eatfitAL\coding\EatFitAI_v1\eatfitai-backend\EatFitAI.API.csproj]
D:\Project\PTUD eatfitAL\coding\EatFitAI_v1\eatfitai-backend\Services\VisionCacheService.cs(39,51): warning CS1998: This async method lacks 'await' operators and will run synchronously. Consider using the 'await' operator to await non-blocking API calls, or 'await Task.Run(...)' to do CPU-bound work on a background thread. [D:\Project\PTUD eatfitAL\coding\EatFitAI_v1\eatfitai-backend\EatFitAI.API.csproj]
D:\Project\PTUD eatfitAL\coding\EatFitAI_v1\eatfitai-backend\Services\AuthService.cs(103,29): warning CS8601: Possible null reference assignment. [D:\Project\PTUD eatfitAL\coding\EatFitAI_v1\eatfitai-backend\EatFitAI.API.csproj]
D:\Project\PTUD eatfitAL\coding\EatFitAI_v1\eatfitai-backend\Services\AuthService.cs(105,36): warning CS8601: Possible null reference assignment. [D:\Project\PTUD eatfitAL\coding\EatFitAI_v1\eatfitai-backend\EatFitAI.API.csproj]
D:\Project\PTUD eatfitAL\coding\EatFitAI_v1\eatfitai-backend\Services\AiFoodMapService.cs(90,30): warning CS8629: Nullable value type may be null. [D:\Project\PTUD eatfitAL\coding\EatFitAI_v1\eatfitai-backend\EatFitAI.API.csproj]
D:\Project\PTUD eatfitAL\coding\EatFitAI_v1\eatfitai-backend\Services\AuthService.cs(163,33): warning CS1998: This async method lacks 'await' operators and will run synchronously. Consider using the 'await' operator to await non-blocking API calls, or 'await Task.Run(...)' to do CPU-bound work on a background thread. [D:\Project\PTUD eatfitAL\coding\EatFitAI_v1\eatfitai-backend\EatFitAI.API.csproj]
D:\Project\PTUD eatfitAL\coding\EatFitAI_v1\eatfitai-backend\Controllers\WeeklyCheckInController.cs(354,65): error CS0019: Operator '??' cannot be applied to operands of type 'decimal' and 'int' [D:\Project\PTUD eatfitAL\coding\EatFitAI_v1\eatfitai-backend\EatFitAI.API.csproj]
D:\Project\PTUD eatfitAL\coding\EatFitAI_v1\eatfitai-backend\Controllers\WeeklyCheckInController.cs(355,64): error CS0019: Operator '??' cannot be applied to operands of type 'decimal' and 'int' [D:\Project\PTUD eatfitAL\coding\EatFitAI_v1\eatfitai-backend\EatFitAI.API.csproj]
D:\Project\PTUD eatfitAL\coding\EatFitAI_v1\eatfitai-backend\Controllers\WeeklyCheckInController.cs(356,62): error CS0019: Operator '??' cannot be applied to operands of type 'decimal' and 'int' [D:\Project\PTUD eatfitAL\coding\EatFitAI_v1\eatfitai-backend\EatFitAI.API.csproj]
D:\Project\PTUD eatfitAL\coding\EatFitAI_v1\eatfitai-backend\Controllers\WeeklyCheckInController.cs(357,60): error CS0019: Operator '??' cannot be applied to operands of type 'decimal' and 'int' [D:\Project\PTUD eatfitAL\coding\EatFitAI_v1\eatfitai-backend\EatFitAI.API.csproj]
D:\Project\PTUD eatfitAL\coding\EatFitAI_v1\eatfitai-backend\Services\AuthService.cs(187,34): warning CS1998: This async method lacks 'await' operators and will run synchronously. Consider using the 'await' operator to await non-blocking API calls, or 'await Task.Run(...)' to do CPU-bound work on a background thread. [D:\Project\PTUD eatfitAL\coding\EatFitAI_v1\eatfitai-backend\EatFitAI.API.csproj]
D:\Project\PTUD eatfitAL\coding\EatFitAI_v1\eatfitai-backend\Services\AuthService.cs(321,41): warning CS1998: This async method lacks 'await' operators and will run synchronously. Consider using the 'await' operator to await non-blocking API calls, or 'await Task.Run(...)' to do CPU-bound work on a background thread. [D:\Project\PTUD eatfitAL\coding\EatFitAI_v1\eatfitai-backend\EatFitAI.API.csproj]

Build FAILED.

D:\Project\PTUD eatfitAL\coding\EatFitAI_v1\eatfitai-backend\Services\VoiceProcessingService.cs(45,47): warning CS1998: This async method lacks 'await' operators and will run synchronously. Consider using the 'await' operator to await non-blocking API calls, or 'await Task.Run(...)' to do CPU-bound work on a background thread. [D:\Project\PTUD eatfitAL\coding\EatFitAI_v1\eatfitai-backend\EatFitAI.API.csproj]
D:\Project\PTUD eatfitAL\coding\EatFitAI_v1\eatfitai-backend\Middleware\JwtAuthenticationMiddleware.cs(31,28): warning CS1998: This async method lacks 'await' operators and will run synchronously. Consider using the 'await' operator to await non-blocking API calls, or 'await Task.Run(...)' to do CPU-bound work on a background thread. [D:\Project\PTUD eatfitAL\coding\EatFitAI_v1\eatfitai-backend\EatFitAI.API.csproj]
D:\Project\PTUD eatfitAL\coding\EatFitAI_v1\eatfitai-backend\Services\VisionCacheService.cs(39,51): warning CS1998: This async method lacks 'await' operators and will run synchronously. Consider using the 'await' operator to await non-blocking API calls, or 'await Task.Run(...)' to do CPU-bound work on a background thread. [D:\Project\PTUD eatfitAL\coding\EatFitAI_v1\eatfitai-backend\EatFitAI.API.csproj]
D:\Project\PTUD eatfitAL\coding\EatFitAI_v1\eatfitai-backend\Services\AuthService.cs(103,29): warning CS8601: Possible null reference assignment. [D:\Project\PTUD eatfitAL\coding\EatFitAI_v1\eatfitai-backend\EatFitAI.API.csproj]
D:\Project\PTUD eatfitAL\coding\EatFitAI_v1\eatfitai-backend\Services\AuthService.cs(105,36): warning CS8601: Possible null reference assignment. [D:\Project\PTUD eatfitAL\coding\EatFitAI_v1\eatfitai-backend\EatFitAI.API.csproj]
D:\Project\PTUD eatfitAL\coding\EatFitAI_v1\eatfitai-backend\Services\AiFoodMapService.cs(90,30): warning CS8629: Nullable value type may be null. [D:\Project\PTUD eatfitAL\coding\EatFitAI_v1\eatfitai-backend\EatFitAI.API.csproj]
D:\Project\PTUD eatfitAL\coding\EatFitAI_v1\eatfitai-backend\Services\AuthService.cs(163,33): warning CS1998: This async method lacks 'await' operators and will run synchronously. Consider using the 'await' operator to await non-blocking API calls, or 'await Task.Run(...)' to do CPU-bound work on a background thread. [D:\Project\PTUD eatfitAL\coding\EatFitAI_v1\eatfitai-backend\EatFitAI.API.csproj]
D:\Project\PTUD eatfitAL\coding\EatFitAI_v1\eatfitai-backend\Services\AuthService.cs(187,34): warning CS1998: This async method lacks 'await' operators and will run synchronously. Consider using the 'await' operator to await non-blocking API calls, or 'await Task.Run(...)' to do CPU-bound work on a background thread. [D:\Project\PTUD eatfitAL\coding\EatFitAI_v1\eatfitai-backend\EatFitAI.API.csproj]
D:\Project\PTUD eatfitAL\coding\EatFitAI_v1\eatfitai-backend\Services\AuthService.cs(321,41): warning CS1998: This async method lacks 'await' operators and will run synchronously. Consider using the 'await' operator to await non-blocking API calls, or 'await Task.Run(...)' to do CPU-bound work on a background thread. [D:\Project\PTUD eatfitAL\coding\EatFitAI_v1\eatfitai-backend\EatFitAI.API.csproj]
D:\Project\PTUD eatfitAL\coding\EatFitAI_v1\eatfitai-backend\Controllers\WeeklyCheckInController.cs(354,65): error CS0019: Operator '??' cannot be applied to operands of type 'decimal' and 'int' [D:\Project\PTUD eatfitAL\coding\EatFitAI_v1\eatfitai-backend\EatFitAI.API.csproj]
D:\Project\PTUD eatfitAL\coding\EatFitAI_v1\eatfitai-backend\Controllers\WeeklyCheckInController.cs(355,64): error CS0019: Operator '??' cannot be applied to operands of type 'decimal' and 'int' [D:\Project\PTUD eatfitAL\coding\EatFitAI_v1\eatfitai-backend\EatFitAI.API.csproj]
D:\Project\PTUD eatfitAL\coding\EatFitAI_v1\eatfitai-backend\Controllers\WeeklyCheckInController.cs(356,62): error CS0019: Operator '??' cannot be applied to operands of type 'decimal' and 'int' [D:\Project\PTUD eatfitAL\coding\EatFitAI_v1\eatfitai-backend\EatFitAI.API.csproj]
D:\Project\PTUD eatfitAL\coding\EatFitAI_v1\eatfitai-backend\Controllers\WeeklyCheckInController.cs(357,60): error CS0019: Operator '??' cannot be applied to operands of type 'decimal' and 'int' [D:\Project\PTUD eatfitAL\coding\EatFitAI_v1\eatfitai-backend\EatFitAI.API.csproj]
    9 Warning(s)
    4 Error(s)

Time Elapsed 00:00:09.22
